<?xml version="1.0" encoding="UTF-8"?>
<testng-results ignored="0" total="1" passed="1" failed="0" skipped="0">
  <reporter-output>
  </reporter-output>
  <suite started-at="2023-06-20T14:25:21 GMT-04:00" name="Suite" finished-at="2023-06-20T14:25:27 GMT-04:00" duration-ms="6694">
    <groups>
    </groups>
    <test started-at="2023-06-20T14:25:21 GMT-04:00" name="Test" finished-at="2023-06-20T14:25:27 GMT-04:00" duration-ms="6694">
      <class name="execution.SudarshanKriyaMain">
        <test-method is-config="true" signature="sudar(java.lang.String)[pri:0, instance:execution.SudarshanKriyaMain@3c7f66c4]" started-at="2023-06-20T14:25:21 GMT-04:00" name="sudar" finished-at="2023-06-20T14:25:22 GMT-04:00" duration-ms="1221" status="PASS">
          <params>
            <param index="0">
              <value>
                <![CDATA[chrome]]>
              </value>
            </param>
          </params>
          <reporter-output>
          </reporter-output>
        </test-method> <!-- sudar -->
        <test-method is-config="true" signature="setExtent()[pri:0, instance:execution.SudarshanKriyaMain@3c7f66c4]" started-at="2023-06-20T14:25:22 GMT-04:00" name="setExtent" finished-at="2023-06-20T14:25:22 GMT-04:00" duration-ms="133" status="PASS">
          <reporter-output>
          </reporter-output>
        </test-method> <!-- setExtent -->
        <test-method is-config="true" signature="window()[pri:0, instance:execution.SudarshanKriyaMain@3c7f66c4]" started-at="2023-06-20T14:25:22 GMT-04:00" name="window" finished-at="2023-06-20T14:25:25 GMT-04:00" duration-ms="2357" status="PASS">
          <reporter-output>
          </reporter-output>
        </test-method> <!-- window -->
        <test-method signature="mm()[pri:0, instance:execution.SudarshanKriyaMain@3c7f66c4]" started-at="2023-06-20T14:25:25 GMT-04:00" name="mm" finished-at="2023-06-20T14:25:27 GMT-04:00" duration-ms="2752" status="PASS">
          <reporter-output>
          </reporter-output>
        </test-method> <!-- mm -->
        <test-method is-config="true" signature="endReport()[pri:0, instance:execution.SudarshanKriyaMain@3c7f66c4]" started-at="2023-06-20T14:25:27 GMT-04:00" name="endReport" finished-at="2023-06-20T14:25:27 GMT-04:00" duration-ms="212" status="PASS">
          <reporter-output>
          </reporter-output>
        </test-method> <!-- endReport -->
        <test-method is-config="true" signature="screenshot(org.testng.ITestResult)[pri:0, instance:execution.SudarshanKriyaMain@3c7f66c4]" started-at="2023-06-20T14:25:27 GMT-04:00" name="screenshot" finished-at="2023-06-20T14:25:27 GMT-04:00" duration-ms="0" status="PASS">
          <params>
            <param index="0">
              <value>
                <![CDATA[[TestResult name=mm status=SUCCESS method=SudarshanKriyaMain.mm()[pri:0, instance:execution.SudarshanKriyaMain@3c7f66c4] output={null}]]]>
              </value>
            </param>
          </params>
          <reporter-output>
          </reporter-output>
        </test-method> <!-- screenshot -->
      </class> <!-- execution.SudarshanKriyaMain -->
    </test> <!-- Test -->
  </suite> <!-- Suite -->
</testng-results>
